* using log directory ‘/home/jranke/git/chents/chents.Rcheck’
* using R version 4.5.2 (2025-10-31)
* using platform: x86_64-pc-linux-gnu
* R was compiled by
    gcc (Debian 14.2.0-19) 14.2.0
    GNU Fortran (Debian 14.2.0-19) 14.2.0
* running under: Debian GNU/Linux 13 (trixie)
* using session charset: UTF-8
* using options ‘--no-tests --as-cran’
* checking for file ‘chents/DESCRIPTION’ ... OK
* checking extension type ... Package
* this is package ‘chents’ version ‘0.4.1’
* package encoding: UTF-8
* checking CRAN incoming feasibility ... OK
* checking package namespace information ... OK
* checking package dependencies ... OK
* checking if this is a source package ... OK
* checking if there is a namespace ... OK
* checking for executable files ... OK
* checking for hidden files and directories ... OK
* checking for portable file names ... OK
* checking for sufficient/correct file permissions ... OK
* checking serialization versions ... OK
* checking whether package ‘chents’ can be installed ... OK
* checking installed package size ... OK
* checking package directory ... OK
* checking for future file timestamps ... NOTE
unable to verify current time
* checking DESCRIPTION meta-information ... OK
* checking top-level files ... OK
* checking for left-over files ... OK
* checking index information ... OK
* checking package subdirectories ... OK
* checking code files for non-ASCII characters ... OK
* checking R files for syntax errors ... OK
* checking whether the package can be loaded ... OK
* checking whether the package can be loaded with stated dependencies ... OK
* checking whether the package can be unloaded cleanly ... OK
* checking whether the namespace can be loaded with stated dependencies ... OK
* checking whether the namespace can be unloaded cleanly ... OK
* checking loading without being on the library search path ... OK
* checking whether startup messages can be suppressed ... OK
* checking use of S3 registration ... OK
* checking dependencies in R code ... OK
* checking S3 generic/method consistency ... OK
* checking replacement functions ... OK
* checking foreign function calls ... OK
* checking R code for possible problems ... OK
* checking Rd files ... OK
* checking Rd metadata ... OK
* checking Rd line widths ... OK
* checking Rd cross-references ... OK
* checking for missing documentation entries ... OK
* checking for code/documentation mismatches ... OK
* checking Rd \usage sections ... OK
* checking Rd contents ... OK
* checking for unstated dependencies in examples ... OK
* checking examples ... [3s/21s] NOTE
Examples with CPU (user + system) or elapsed time > 5s
            user system elapsed
pai        0.353  0.073   8.080
plot.chent 0.155  0.021   6.368
* checking for unstated dependencies in ‘tests’ ... OK
* checking tests ... SKIPPED
* checking PDF version of manual ... OK
* checking HTML version of manual ... OK
* checking for non-standard things in the check directory ... OK
* checking for detritus in the temp directory ... OK
* DONE

Status: 2 NOTEs
See
  ‘/home/jranke/git/chents/chents.Rcheck/00check.log’
for details.

